<?xml version="1.0" encoding="UTF-8"?>
<testng-results skipped="0" failed="0" ignored="0" total="1" passed="1">
  <reporter-output>
  </reporter-output>
  <suite name="Default suite" duration-ms="21038" started-at="2019-10-11T12:13:36Z" finished-at="2019-10-11T12:13:57Z">
    <groups>
    </groups>
    <test name="Default test" duration-ms="21038" started-at="2019-10-11T12:13:36Z" finished-at="2019-10-11T12:13:57Z">
      <class name="AutomationTesting1.Travels.testcase4">
        <test-method status="PASS" signature="method2()[pri:0, instance:AutomationTesting1.Travels.testcase4@464bee09]" name="method2" duration-ms="20982" started-at="2019-10-11T12:13:36Z" finished-at="2019-10-11T12:13:57Z">
          <reporter-output>
          </reporter-output>
        </test-method> <!-- method2 -->
      </class> <!-- AutomationTesting1.Travels.testcase4 -->
    </test> <!-- Default test -->
  </suite> <!-- Default suite -->
</testng-results>
